Arguments: 
  C:\Program Files\nodejs\node.exe C:\Program Files (x86)\Yarn\bin\yarn.js install

PATH: 
  C:\Python27\Lib\site-packages\PyQt4;C:\WINDOWS\system32;C:\WINDOWS;C:\WINDOWS\System32\Wbem;C:\WINDOWS\System32\WindowsPowerShell\v1.0\;C:\WINDOWS\System32\OpenSSH\;C:\Users\Admin\AppData\Local\Programs\Python\Python36-32;C:\Users\Admin\AppData\Local\Programs\Python\Python36-32\python.exe;C:\Users\Admin\AppData\Local\Programs\Python\Python37-32;C:\Users\Admin\AppData\Local\Programs\Python\Python37-32\python.exe;c:\Program Files (x86)\Microsoft SQL Server\110\Tools\Binn\;c:\Program Files\Microsoft SQL Server\110\Tools\Binn\;c:\Program Files\Microsoft SQL Server\110\DTS\Binn\;C:\Program Files (x86)\Brackets\command;C:\Windows\apktool\apktool.jar;C:\Users\Admin\AppData\Roaming\nvm;C:\Program Files\nodejs;C:\Program Files (x86)\Yarn\bin\;C:\PHP7;C:\Program Files\Git\cmd;C:\Program Files\Git\mingw64\bin;C:\Program Files\Git\usr\bin;C:\Users\Admin\AppData\Local\Programs\Python\Python38-32\Scripts\;C:\Users\Admin\AppData\Local\Programs\Python\Python38-32\;C:\Program Files (x86)\NVIDIA Corporation\PhysX\Common;C:\Python27\Lib\site-packages\PyQt4;C:\WINDOWS\system32;C:\WINDOWS;C:\WINDOWS\System32\Wbem;C:\WINDOWS\System32\WindowsPowerShell\v1.0\;C:\WINDOWS\System32\OpenSSH\;C:\Users\Admin\AppData\Local\Programs\Python\Python37-32;C:\Users\Admin\AppData\Local\Programs\Python\Python37-32\python.exe;C:\Python27;c:\Program Files (x86)\Microsoft SQL Server\110\Tools\Binn\;c:\Program Files\Microsoft SQL Server\110\Tools\Binn\;c:\Program Files\Microsoft SQL Server\110\DTS\Binn\;C:\Users\Admin\AppData\Local\Programs\Python\Python37-32\Scripts\;C:\Users\Admin\AppData\Local\Programs\Python\Python37-32\;C:\Users\Admin\AppData\Local\Microsoft\WindowsApps;C:\Program Files\Java\jdk-12.0.1\bin;C:\Program Files\heroku\bin;C:\Users\Admin\AppData\Local\Programs\Microsoft VS Code\bin;C:\Users\Admin\AppData\Roaming\npm;C:\Users\Admin\AppData\Local\hyper\app-3.0.2\resources\bin;C:\Users\Admin\AppData\Roaming\nvm;C:\Program Files\nodejs;C:\Users\Admin\AppData\Local\Yarn\bin;

Yarn version: 
  1.22.5

Node version: 
  12.18.0

Platform: 
  win32 x64

Trace: 
  Error: Client network socket disconnected before secure TLS connection was established
      at connResetException (internal/errors.js:609:14)
      at TLSSocket.onConnectEnd (_tls_wrap.js:1552:19)
      at Object.onceWrapper (events.js:421:28)
      at TLSSocket.emit (events.js:327:22)
      at endReadableNT (_stream_readable.js:1221:12)
      at processTicksAndRejections (internal/process/task_queues.js:84:21)

npm manifest: 
  {
    "main": "node_modules/expo/AppEntry.js",
    "scripts": {
      "start": "expo start",
      "android": "expo start --android",
      "ios": "expo start --ios",
      "web": "expo start --web",
      "eject": "expo eject"
    },
    "dependencies": {
      "expo": "~42.0.1",
      "expo-status-bar": "~1.0.4",
      "react": "16.13.1",
      "react-dom": "16.13.1",
      "react-native": "https://github.com/expo/react-native/archive/sdk-42.0.0.tar.gz",
      "react-native-web": "~0.13.12"
    },
    "devDependencies": {
      "@babel/core": "^7.9.0"
    },
    "private": true
  }

yarn manifest: 
  No manifest

Lockfile: 
  No lockfile
